File Log: [INFO ] 2022-07-06 23:28:02,276 main <-SortManger Logger-> - Asking user to choose algorithm option
File Log: [INFO ] 2022-07-06 23:28:02,283 main <-SortManger Logger-> - Asking user to input a new integer for algorithm option
File Log: [ERROR] 2022-07-06 23:28:04,638 main <-SortManger Logger-> - EXCEPTION CAUGHT: User entered bad input for length : For input string: "bubble"
java.lang.NumberFormatException: For input string: "bubble"
	at java.lang.NumberFormatException.forInputString(NumberFormatException.java:67) ~[?:?]
	at java.lang.Integer.parseInt(Integer.java:668) ~[?:?]
	at java.lang.Integer.parseInt(Integer.java:784) ~[?:?]
	at com.sparta.sortView.DisplayManager.getIntFromUser(DisplayManager.java:62) ~[classes/:?]
	at com.sparta.sortView.DisplayManager.display(DisplayManager.java:23) ~[classes/:?]
	at com.sparta.sortController.SortManager.main(SortManager.java:15) ~[classes/:?]
File Log: [INFO ] 2022-07-06 23:28:04,652 main <-SortManger Logger-> - Asking user to input a new integer for algorithm option
File Log: [INFO ] 2022-07-06 23:28:06,393 main <-SortManger Logger-> - User chose option of Bubble sort
File Log: [INFO ] 2022-07-06 23:28:06,393 main <-SortManger Logger-> - Asking user to input a new integer for length of array
File Log: [ERROR] 2022-07-06 23:28:08,972 main <-SortManger Logger-> - EXCEPTION CAUGHT: User entered bad input for length : For input string: "999999999999999999999"
java.lang.NumberFormatException: For input string: "999999999999999999999"
	at java.lang.NumberFormatException.forInputString(NumberFormatException.java:67) ~[?:?]
	at java.lang.Integer.parseInt(Integer.java:668) ~[?:?]
	at java.lang.Integer.parseInt(Integer.java:784) ~[?:?]
	at com.sparta.sortView.DisplayManager.getIntFromUser(DisplayManager.java:62) ~[classes/:?]
	at com.sparta.sortView.DisplayManager.display(DisplayManager.java:32) ~[classes/:?]
	at com.sparta.sortController.SortManager.main(SortManager.java:15) ~[classes/:?]
File Log: [INFO ] 2022-07-06 23:28:08,973 main <-SortManger Logger-> - Asking user to input a new integer for length of array
File Log: [INFO ] 2022-07-06 23:28:10,148 main <-SortManger Logger-> - Length of the array has been chosen successfully:9
File Log: [INFO ] 2022-07-06 23:28:10,163 main <-SortManger Logger-> - App successfully presented output using Bubble sort
File Log: [INFO ] 2022-07-06 23:28:10,164 main <-SortManger Logger-> - Asking user to choose algorithm option
File Log: [INFO ] 2022-07-06 23:28:10,164 main <-SortManger Logger-> - Asking user to input a new integer for algorithm option
File Log: [INFO ] 2022-07-06 23:28:11,329 main <-SortManger Logger-> - User chose to exit the application
